[2019-06-23 14:51:56][1] Processing: App\Listeners\Redis\RedisDataPublish
[2019-06-23 14:51:56][1] Processed:  App\Listeners\Redis\RedisDataPublish
[2019-06-23 14:51:56][2] Processing: App\Listeners\Redis\RedisDataPublish
[2019-06-23 14:51:56][2] Processed:  App\Listeners\Redis\RedisDataPublish
[2019-06-23 14:51:56][3] Processing: App\Listeners\Redis\RedisDataPublish
[2019-06-23 14:51:56][3] Processed:  App\Listeners\Redis\RedisDataPublish
[2019-06-23 14:51:56][4] Processing: App\Listeners\Redis\RedisDataPublish
[2019-06-23 14:51:56][4] Processed:  App\Listeners\Redis\RedisDataPublish
[2019-06-23 14:52:29][5] Processing: App\Listeners\Redis\RedisDataPublish
[2019-06-23 14:52:29][5] Processed:  App\Listeners\Redis\RedisDataPublish
[2019-06-23 14:52:29][6] Processing: App\Listeners\Redis\RedisDataPublish
[2019-06-23 14:52:29][6] Processed:  App\Listeners\Redis\RedisDataPublish
[2019-06-23 14:52:29][7] Processing: App\Listeners\Redis\RedisDataPublish
[2019-06-23 14:52:29][7] Processed:  App\Listeners\Redis\RedisDataPublish
[2019-06-23 14:52:29][8] Processing: App\Listeners\Redis\RedisDataPublish
[2019-06-23 14:52:29][8] Processed:  App\Listeners\Redis\RedisDataPublish
[2019-06-23 15:02:18][9] Processing: App\Listeners\Redis\RedisDataPublish
[2019-06-23 15:02:18][9] Processed:  App\Listeners\Redis\RedisDataPublish
[2019-06-23 15:02:18][10] Processing: App\Listeners\Redis\RedisDataPublish
[2019-06-23 15:02:18][10] Processed:  App\Listeners\Redis\RedisDataPublish
[2019-06-23 15:02:18][11] Processing: App\Listeners\Redis\RedisDataPublish
[2019-06-23 15:02:18][11] Processed:  App\Listeners\Redis\RedisDataPublish
[2019-06-23 15:02:18][12] Processing: App\Listeners\Redis\RedisDataPublish
[2019-06-23 15:02:18][12] Processed:  App\Listeners\Redis\RedisDataPublish
[2019-06-23 15:03:06][13] Processing: App\Listeners\Redis\RedisDataPublish
[2019-06-23 15:03:06][13] Processed:  App\Listeners\Redis\RedisDataPublish
[2019-06-23 15:03:06][14] Processing: App\Listeners\Redis\RedisDataPublish
[2019-06-23 15:03:06][14] Processed:  App\Listeners\Redis\RedisDataPublish
[2019-06-23 15:03:06][15] Processing: App\Listeners\Redis\RedisDataPublish
[2019-06-23 15:03:06][15] Processed:  App\Listeners\Redis\RedisDataPublish
[2019-06-23 15:03:06][16] Processing: App\Listeners\Redis\RedisDataPublish
[2019-06-23 15:03:06][16] Processed:  App\Listeners\Redis\RedisDataPublish
[2019-06-23 15:05:16][17] Processing: App\Listeners\Redis\RedisDataPublish
[2019-06-23 15:05:17][17] Processed:  App\Listeners\Redis\RedisDataPublish
[2019-06-23 17:34:18][78SujPB9amwpgdlf9joryKn4sa9SqHEM] Processing: App\Listeners\Redis\RedisDataPublish
[2019-06-23 17:34:18][78SujPB9amwpgdlf9joryKn4sa9SqHEM] Processed:  App\Listeners\Redis\RedisDataPublish
[2019-06-23 17:34:52][JjjZAEY5GE3qEmcgW6qt0WPnrXbyuJGh] Processing: App\Listeners\Redis\RedisDataPublish
[2019-06-23 17:34:52][JjjZAEY5GE3qEmcgW6qt0WPnrXbyuJGh] Processed:  App\Listeners\Redis\RedisDataPublish
[2019-06-23 17:47:09][1] Processing: App\Listeners\Redis\RedisDataPublish
[2019-06-23 17:47:09][1] Processed:  App\Listeners\Redis\RedisDataPublish
[2019-06-23 17:51:00][2] Processing: App\Listeners\Redis\RedisDataPublish
[2019-06-23 17:51:00][2] Processed:  App\Listeners\Redis\RedisDataPublish
[2019-06-23 17:57:49][3] Processing: App\Listeners\Redis\RedisDataPublish
[2019-06-23 17:57:49][3] Processed:  App\Listeners\Redis\RedisDataPublish

Warning: require(/var/www/locketgo-lms-php/vendor/autoload.php): failed to open stream: No such file or directory in /var/www/locketgo-lms-php/artisan on line 18

Fatal error: require(): Failed opening required '/var/www/locketgo-lms-php/vendor/autoload.php' (include_path='.:/usr/local/lib/php') in /var/www/locketgo-lms-php/artisan on line 18

Warning: require(/var/www/locketgo-lms-php/vendor/autoload.php): failed to open stream: No such file or directory in /var/www/locketgo-lms-php/artisan on line 18

Fatal error: require(): Failed opening required '/var/www/locketgo-lms-php/vendor/autoload.php' (include_path='.:/usr/local/lib/php') in /var/www/locketgo-lms-php/artisan on line 18

Warning: require(/var/www/locketgo-lms-php/vendor/autoload.php): failed to open stream: No such file or directory in /var/www/locketgo-lms-php/artisan on line 18

Fatal error: require(): Failed opening required '/var/www/locketgo-lms-php/vendor/autoload.php' (include_path='.:/usr/local/lib/php') in /var/www/locketgo-lms-php/artisan on line 18

Warning: require(/var/www/locketgo-lms-php/vendor/autoload.php): failed to open stream: No such file or directory in /var/www/locketgo-lms-php/artisan on line 18

Fatal error: require(): Failed opening required '/var/www/locketgo-lms-php/vendor/autoload.php' (include_path='.:/usr/local/lib/php') in /var/www/locketgo-lms-php/artisan on line 18
