
   Predis\Response\ServerException  : ERR only (P)SUBSCRIBE / (P)UNSUBSCRIBE / PING / QUIT allowed in this context

  at /var/www/locketgo-lms-php/vendor/predis/predis/src/Client.php:370
    366|             return $response;
    367|         }
    368| 
    369|         if ($this->options->exceptions) {
  > 370|             throw new ServerException($response->getMessage());
    371|         }
    372| 
    373|         return $response;
    374|     }

  Exception trace:

  1   Predis\Client::onErrorResponse(Object(Predis\Command\ListPushTail), Object(Predis\Response\Error))
      /var/www/locketgo-lms-php/vendor/predis/predis/src/Client.php:335

  2   Predis\Client::executeCommand(Object(Predis\Command\ListPushTail))
      /var/www/locketgo-lms-php/vendor/predis/predis/src/Client.php:314

  Please use the argument -v to see more details.

   Predis\Response\ServerException  : ERR only (P)SUBSCRIBE / (P)UNSUBSCRIBE / PING / QUIT allowed in this context

  at /var/www/locketgo-lms-php/vendor/predis/predis/src/Client.php:370
    366|             return $response;
    367|         }
    368| 
    369|         if ($this->options->exceptions) {
  > 370|             throw new ServerException($response->getMessage());
    371|         }
    372| 
    373|         return $response;
    374|     }

  Exception trace:

  1   Predis\Client::onErrorResponse(Object(Predis\Command\ListPushTail), Object(Predis\Response\Error))
      /var/www/locketgo-lms-php/vendor/predis/predis/src/Client.php:335

  2   Predis\Client::executeCommand(Object(Predis\Command\ListPushTail))
      /var/www/locketgo-lms-php/vendor/predis/predis/src/Client.php:314

  Please use the argument -v to see more details.

   Predis\Response\ServerException  : ERR only (P)SUBSCRIBE / (P)UNSUBSCRIBE / PING / QUIT allowed in this context

  at /var/www/locketgo-lms-php/vendor/predis/predis/src/Client.php:370
    366|             return $response;
    367|         }
    368| 
    369|         if ($this->options->exceptions) {
  > 370|             throw new ServerException($response->getMessage());
    371|         }
    372| 
    373|         return $response;
    374|     }

  Exception trace:

  1   Predis\Client::onErrorResponse(Object(Predis\Command\ListPushTail), Object(Predis\Response\Error))
      /var/www/locketgo-lms-php/vendor/predis/predis/src/Client.php:335

  2   Predis\Client::executeCommand(Object(Predis\Command\ListPushTail))
      /var/www/locketgo-lms-php/vendor/predis/predis/src/Client.php:314

  Please use the argument -v to see more details.

   Illuminate\Database\QueryException  : SQLSTATE[22032]: <<Unknown error>>: 3140 Invalid JSON text: "Invalid value." at position 0 in value for column 'log_lockers.response'. (SQL: insert into `log_lockers` (`uuid`, `door`, `command`, `request_zone_id`, `request`, `response`, `status`, `response_at`, `updated_at`, `created_at`) values (ff071714434a2020514e4e5747ffcec2, , codelock, , , ok, received, 2019-06-23 17:58:07, 2019-06-23 17:58:07, 2019-06-23 17:58:07))

  at /var/www/locketgo-lms-php/vendor/laravel/framework/src/Illuminate/Database/Connection.php:664
    660|         // If an exception occurs when attempting to run a query, we'll format the error
    661|         // message to include the bindings with SQL, which will make this exception a
    662|         // lot more helpful to the developer instead of just the database's errors.
    663|         catch (Exception $e) {
  > 664|             throw new QueryException(
    665|                 $query, $this->prepareBindings($bindings), $e
    666|             );
    667|         }
    668|

  Exception trace:

  1   Doctrine\DBAL\Driver\PDOException::("SQLSTATE[22032]: <<Unknown error>>: 3140 Invalid JSON text: "Invalid value." at position 0 in value for column 'log_lockers.response'.")
      /var/www/locketgo-lms-php/vendor/doctrine/dbal/lib/Doctrine/DBAL/Driver/PDOStatement.php:119

  2   PDOException::("SQLSTATE[22032]: <<Unknown error>>: 3140 Invalid JSON text: "Invalid value." at position 0 in value for column 'log_lockers.response'.")
      /var/www/locketgo-lms-php/vendor/doctrine/dbal/lib/Doctrine/DBAL/Driver/PDOStatement.php:117

  Please use the argument -v to see more details.

Warning: require(/var/www/locketgo-lms-php/vendor/autoload.php): failed to open stream: No such file or directory in /var/www/locketgo-lms-php/artisan on line 18

Fatal error: require(): Failed opening required '/var/www/locketgo-lms-php/vendor/autoload.php' (include_path='.:/usr/local/lib/php') in /var/www/locketgo-lms-php/artisan on line 18

Warning: require(/var/www/locketgo-lms-php/vendor/autoload.php): failed to open stream: No such file or directory in /var/www/locketgo-lms-php/artisan on line 18

Fatal error: require(): Failed opening required '/var/www/locketgo-lms-php/vendor/autoload.php' (include_path='.:/usr/local/lib/php') in /var/www/locketgo-lms-php/artisan on line 18

Warning: require(/var/www/locketgo-lms-php/vendor/autoload.php): failed to open stream: No such file or directory in /var/www/locketgo-lms-php/artisan on line 18

Fatal error: require(): Failed opening required '/var/www/locketgo-lms-php/vendor/autoload.php' (include_path='.:/usr/local/lib/php') in /var/www/locketgo-lms-php/artisan on line 18

Warning: require(/var/www/locketgo-lms-php/vendor/autoload.php): failed to open stream: No such file or directory in /var/www/locketgo-lms-php/artisan on line 18

Fatal error: require(): Failed opening required '/var/www/locketgo-lms-php/vendor/autoload.php' (include_path='.:/usr/local/lib/php') in /var/www/locketgo-lms-php/artisan on line 18
